#
# A fatal error has been detected by the Java Runtime Environment:
#
#  SIGSEGV (0xb) at pc=0x00007f5c7fced494, pid=62699, tid=66965
#
# JRE version: OpenJDK Runtime Environment JBR-11.0.9.1.11-1145.77-jcef (11.0.9.1+11) (build 11.0.9.1+11-b1145.77)
# Java VM: OpenJDK 64-Bit Server VM JBR-11.0.9.1.11-1145.77-jcef (11.0.9.1+11-b1145.77, mixed mode, tiered, compressed oops, g1 gc, linux-amd64)
# Problematic frame:
# C  [libpthread.so.0+0xb494]  pthread_mutex_lock+0x4
#
# Core dump will be written. Default location: Core dumps may be processed with "/usr/lib/systemd/systemd-coredump %P %u %g %s %t %c %h" (or dumping to /home/jc/.config/JetBrains/DataGrip2020.3/projects/default/core.62699)
#
# If you would like to submit a bug report, please visit:
#   https://bugreport.java.com/bugreport/crash.jsp
# The crash happened outside the Java Virtual Machine in native code.
# See problematic frame for where to report the bug.
#

---------------  S U M M A R Y ------------

Command Line: -Djava.rmi.server.hostname=127.0.0.1 -Duser.timezone=UTC -Xmx965m -Xms128m -Dfile.encoding=UTF-8 com.intellij.database.remote.RemoteJdbcServer org.sqlite.JDBC

Host: 