!!! - THR!!!ER [WARP236]
!!! - THR!!!ER [WARP236]
(WARP 06) Artificial Intelligence (various artists)

(WARP 06) Artificial Intelligence (various artists)
!!! - THR!!!ER [WARP236]
!!! - THR!!!ER [WARP236]

(WARP 07) Polygon Window - Surfing on Sine Waves
!!! - THR!!!ER [WARP236]
!!! - THR!!!ER [WARP236]
!!! - THR!!!ER [WARP236]

!!! - THR!!!ER [WARP236]
!!! - THR!!!ER [WARP236]
!!! - THR!!!ER [WARP236]
!!! - THR!!!ER [WARP236]
!!! - THR!!!ER [WARP236]
(WARP 08) Black Dog Productions - Bytes
!!! - THR!!!ER [WARP236]
!!! - THR!!!ER [WARP236]
(WARP 09) B12 - ElectroSoma
!!! - THR!!!ER [WARP236]
!!! - THR!!!ER [WARP236]
!!! - THR!!!ER [WARP236]
!!! - THR!!!ER [WARP236]
radios
!!! - THR!!!ER [WARP236]
テレヴァペ - 超越愛 (2015)
(WARP 06) Artificial Intelligence (various artists)

(WARP 07) Polygon Window - Surfing on Sine Waves
[SLAM001] Sporting Life - Slam Dunk #1 (2016)


2006 Ren & Stimpy - Production Music vol. 1
!!! - THR!!!ER [WARP236]

(WARP 06) Artificial Intelligence (various artists)
awdawd
Actress - 2004 - No Tricks
!!! - THR!!!ER [WARP236]
!!! - THR!!!ER [WARP236]
!!! - THR!!!ER [WARP236]
Abul Mogard - Drifted Heaven [2014]
!!! - THR!!!ER [WARP236]
!!! - THR!!!ER [WARP236]
!!! - THR!!!ER [WARP236]
!!! - THR!!!ER [WARP236]
(WARP 06) Artificial Intelligence (various artists)




!!! - THR!!!ER [WARP236]
(WARP 06) Artificial Intelligence (various artists)
(WARP 08) Black Dog Productions - Bytes

!!! - THR!!!ER [WARP236]
(WARP 06) Artificial Intelligence (various artists)

(WARP 07) Polygon Window - Surfing on Sine Waves
0 -- 
0 -- (WARP 07) Polygon Window - Surfing on Sine Waves
0 -- (WARP 06) Artificial Intelligence (various artists)
0 -- (WARP 06) Artificial Intelligence (various artists)
0 -- (WARP 06) Artificial Intelligence (various artists)
0 -- 
0 -- dwadaw
 -- 
 -- (WARP 06) Artificial Intelligence (various artists)
 -- (WARP 06) Artificial Intelligence (various artists)
 -- 
 -- (WARP 06) Artificial Intelligence (various artists)
 -- (WARP 07) Polygon Window - Surfing on Sine Waves
0 -- 
1 -- (WARP 07) Polygon Window - Surfing on Sine Waves
1 -- (WARP 08) Black Dog Productions - Bytes
1 -- 36 - 2011 Reunion, Deluge
0 -- 
1 -- (WARP 06) Artificial Intelligence (various artists)
1 -- (WARP 07) Polygon Window - Surfing on Sine Waves
1 -- 36 - 2011 Reunion, Deluge
1 -- !!! - THR!!!ER [WARP236]
0 -- 
0 -- 
1 -- (WARP 07) Polygon Window - Surfing on Sine Waves
0 -- 
11 -- (WARP 08) Black Dog Productions - Bytes
12 -- !!! - THR!!!ER [WARP236]
13 -- !!! - THR!!!ER [WARP236]
10 -- !!! - THR!!!ER [WARP236]
11 -- !!! - THR!!!ER [WARP236]
19 -- !!! - THR!!!ER [WARP236]
18 -- !!! - THR!!!ER [WARP236]
17 -- !!! - THR!!!ER [WARP236]
12 -- !!! - THR!!!ER [WARP236]
10 -- !!! - THR!!!ER [WARP236]
16 -- !!! - THR!!!ER [WARP236]
15 -- !!! - THR!!!ER [WARP236]
11 -- !!! - THR!!!ER [WARP236]
14 -- !!! - THR!!!ER [WARP236]
10 -- !!! - THR!!!ER [WARP236]
11 -- !!! - THR!!!ER [WARP236]
11 -- (WARP 06) Artificial Intelligence (various artists)
12 -- !!! - THR!!!ER [WARP236]
13 -- (WARP 06) Artificial Intelligence (various artists)
1 -- !!! - THR!!!ER [WARP236]
1 -- !!! - THR!!!ER [WARP236]
0 -- 
0 -- 
0 -- 
0 -- 
0 -- 
0 -- 
0 -- 
1 -- ２８１４ - 2014. ２８１４
1 -- !!! - THR!!!ER [WARP236]
0 -- 
0 -- 
0 -- 
1 -- (WARP 06) Artificial Intelligence (various artists)
1 -- (WARP 08) Black Dog Productions - Bytes
1 -- (WARP 08) Black Dog Productions - Bytes
1 -- (WARP 09) B12 - ElectroSoma
0 -- 
1 -- (WARP 07) Polygon Window - Surfing on Sine Waves
1 -- !!! - THR!!!ER [WARP236]
1 -- !!! - THR!!!ER [WARP236]
1 -- (WARP 07) Polygon Window - Surfing on Sine Waves
0 -- 
1 -- !!! - THR!!!ER [WARP236]
1 -- (WARP 06) Artificial Intelligence (various artists)
0 -- 
0 -- 
0 -- 
1 -- (WARP 06) Artificial Intelligence (various artists)
1 -- SAFE RUN
1 -- !!! - THR!!!ER [WARP236]
1 -- !!! - THR!!!ER [WARP236]
1 -- !!! - THR!!!ER [WARP236]
1 -- !!! - THR!!!ER [WARP236]
1 -- SAFE RUN
1 -- 惑星のかぞえかた
1 -- radios
1 -- radios
0 -- 
1 -- (WARP 06) Artificial Intelligence (various artists)
1 -- (WARP 06) Artificial Intelligence (various artists)
1 -- !!! - THR!!!ER [WARP236]
1 -- !!! - THR!!!ER [WARP236]
1 -- !!! - THR!!!ER [WARP236]
1 -- !!! - THR!!!ER [WARP236]
1 -- !!! - THR!!!ER [WARP236]
1 -- !!! - THR!!!ER [WARP236]
1 -- !!! - THR!!!ER [WARP236]
1 -- radios
1 -- テレヴァペ - 超越愛 (2015)
0 -- 
1 -- radios
1 -- radios
1 -- 惑星のかぞえかた
1 -- 惑星のかぞえかた
0 -- 
1 -- (WARP 06) Artificial Intelligence (various artists)
SAFE RUN
1 -- radios
SAFE RUN
1 -- radios
SAFE RUN
1 -- テレヴァペ - 超越愛 (2015)
SAFE RUN
1 -- radios
SAFE RUN
0 -- 
0 -- 
1 -- (WARP 08) Black Dog Productions - Bytes
SAFE RUN
0 -- 
1 -- 惑星のかぞえかた
SAFE RUN
0 -- 
1 -- ZZT - Partys Over Earth (2011)
SAFE RUN
0 -- 
1 -- huaynos
SAFE RUN
0 -- 
0 -- 
1 -- !!! - THR!!!ER [WARP236]
0 -- 
1 -- Agoria - Impermanence_Musanova
0 -- 
1 -- (WARP 06) Artificial Intelligence (various artists)
0 -- 
1 -- Agoria - Impermanence_Musanova
0 -- 
0 -- 
0 -- 
0 -- 
0 -- 
0 -- 
0 -- 
0 -- 
0 -- 
0 -- 
0 -- 
0 -- 
0 -- 
0 -- 
0 -- 
0 -- 
0 -- 
0 -- 
0 -- 
10 -- !!! - THR!!!ER [WARP236]
0 -- 
everything else
0 -- 
first time
1 -- (WARP 07) Polygon Window - Surfing on Sine Waves
everything else
0 -- 
first time
10 -- (WARP 07) Polygon Window - Surfing on Sine Waves
removign
0 -- 
first time
1 -- (WARP 14) Speedy J - Ginger
0 -- 
first time
1 -- (WARP 07) Polygon Window - Surfing on Sine Waves
0 -- 
first time
0 -- 
first time
10 -- (WARP 07) Polygon Window - Surfing on Sine Waves
removign
0 -- 
first time
12 -- (WARP 07) Polygon Window - Surfing on Sine Waves
0 -- 
first time
0 -- 
first time
0 -- 
first time
0 -- 
first time
0 -- 
first time
0 -- 
first time
0 -- 
first time
0 -- 
first time
1 -- Agoria - Impermanence_Musanova/03. Agoria - Panta Rei.mp3
0 -- 
first time
0 -- 
first time
0 -- 
first time
0 -- 
first time
0 -- 
first time
0 -- 
first time
0 -- 
first time
0 -- 
first time
0 -- 
first time
0 -- 
first time
0 -- 
first time
0 -- 
first time
0 -- 
first time
0 -- 
first time
0 -- 
first time
0 -- 
first time
0 -- 
first time
0 -- 
first time
0 -- 
first time
0 -- 
first time
0 -- 
first time
0 -- 
first time
0 -- 
first time
0 -- 
first time
0 -- 
first time
0 -- 
first time
0 -- 
first time
0 -- 
first time
0 -- 
first time
0 -- 
first time
0 -- 
first time
0 -- 
first time
1 -- !!! - Except Death
0 -- 
first time
0 -- 
first time
0 -- 
first time
0 -- 
first time
1 -- Speedy J - Fill 3
0 -- 
first time
0 -- 
first time
0 -- 
first time
0 -- 
first time
0 -- 
first time
0 -- 
first time
0 -- 
first time
0 -- 
first time
1 -- !!! - Careful
0 -- 
first time
0 -- 
first time
0 -- 
first time
0 -- 
first time
1 -- !!! - Careful
0 -- 
first time
0 -- 
first time
0 -- 
first time
0 -- 
first time
1 -- !!! - Except Death
track_id 3
0 -- 
first time
0 -- 
first time
0 -- 
first time
0 -- 
first time
1 -- !!! - Fine Fine Fine
track_id 6
0 -- 
first time
0 -- 
first time
0 -- 
first time
0 -- 
first time
1 -- Flying Lotus - Nidocin
track_id 190
0 -- 
first time
0 -- 
first time
0 -- 
first time
0 -- 
first time
1 -- Oxia - The Phoney Lullaby (feat. Scalde)
track_id 189
0 -- 
first time
0 -- 
first time
0 -- 
first time
0 -- 
first time
0 -- 
first time
0 -- 
first time
0 -- 
first time
0 -- 
first time
1 -- !!! - Careful
track_id 22
0 -- 
first time
0 -- 
first time
0 -- 
first time
0 -- 
first time
1 -- Oxia - The Phoney Lullaby (feat. Scalde)
track_id 3
0 -- 
first time
0 -- 
first time
0 -- 
first time
0 -- 
first time
1 -- !!! - Careful
track_id 22
0 -- 
first time
0 -- 
first time
0 -- 
first time
0 -- 
first time
1 -- Muse - Black Holes & Revelations
0 -- 
first time
0 -- 
first time
0 -- 
first time
0 -- 
first time
0 -- 
first time
0 -- 
first time
0 -- 
first time
0 -- 
first time
0 -- 
first time
0 -- 
first time
0 -- 
first time
0 -- 
first time
1 -- Muse - Supermassive Black Hole
track_id 25
0 -- 
first time
0 -- 
first time
0 -- 
first time
0 -- 
first time
0 -- 
first time
0 -- 
first time
0 -- 
first time
0 -- 
first time
1 -- The Smiths - The Very Best of The Smiths
0 -- 
first time
0 -- 
first time
0 -- 
first time
0 -- 
first time
0 -- 
first time
0 -- 
first time
0 -- 
first time
0 -- 
first time
0 -- 
first time
0 -- 
first time
0 -- 
first time
0 -- 
first time
0 -- 
first time
0 -- 
first time
0 -- 
first time
0 -- 
first time
1 -- The Smiths - Stop Me If Youve Heard This One Before
track_id 225
0 -- 
first time
0 -- 
first time
0 -- 
first time
0 -- 
first time
0 -- 
first time
0 -- 
first time
0 -- 
first time
0 -- 
first time
1 -- The Smiths - Last Night I Dreamed That Somebody Loved Me
track_id 224
0 -- 
first time
0 -- 
first time
0 -- 
first time
0 -- 
first time
1 -- The Smiths - Last Night I Dreamed That Somebody Loved Me
track_id 224
0 -- 
first time
0 -- 
first time
0 -- 
first time
0 -- 
first time
0 -- 
first time
0 -- 
first time
0 -- 
first time
0 -- 
first time
1 -- Gorillaz - 2007 - D-Sides (Japan Edition) (TOCP-66746.47)/1.01 - 68 State.mp3
0 -- 
first time
0 -- 
first time
0 -- 
first time
0 -- 
first time
0 -- 
first time
0 -- 
first time
0 -- 
first time
0 -- 
first time
1 -- Gorillaz - 68 State
track_id 226
0 -- 
first time
0 -- 
first time
0 -- 
first time
0 -- 
first time
1 -- The Smiths - Stop Me If Youve Heard This One Before
track_id 225
0 -- 
first time
0 -- 
first time
0 -- 
first time
0 -- 
first time
1 -- Gorillaz - 68 State
track_id 226
0 -- 
first time
0 -- 
first time
0 -- 
first time
0 -- 
first time
0 -- 
first time
0 -- 
first time
0 -- 
first time
0 -- 
first time
0 -- 
first time
0 -- 
first time
0 -- 
first time
0 -- 
first time
1 -- 2.02 - Feel Good Inc. (Stanton Warriors Remix).mp3
0 -- 
first time
0 -- 
first time
0 -- 
first time
0 -- 
first time
1 -- Celer - Solitary States - 04 Impressed By Little - Supressing Even This.mp3
0 -- 
first time
0 -- 
first time
0 -- 
first time
0 -- 
first time
1 -- Gorillaz - 68 State
track_id 226
0 -- 
first time
0 -- 
first time
0 -- 
first time
0 -- 
first time
1 -- 1.02 - People.mp3
0 -- 
first time
0 -- 
first time
0 -- 
first time
0 -- 
first time
1 -- Gorillaz - People
track_id 227
0 -- 
first time
0 -- 
first time
0 -- 
first time
0 -- 
first time
1 -- Celer - Impressed By Little - Supressing Even This
track_id 229
0 -- 
first time
0 -- 
first time
0 -- 
first time
0 -- 
first time
0 -- 
first time
0 -- 
first time
0 -- 
first time
0 -- 
first time
0 -- 
first time
0 -- 
first time
0 -- 
first time
0 -- 
first time
0 -- 
first time
0 -- 
first time
0 -- 
first time
0 -- 
first time
0 -- 
first time
0 -- 
first time
0 -- 
first time
0 -- 
first time
0 -- 
first time
0 -- 
first time
0 -- 
first time
0 -- 
first time
0 -- 
first time
0 -- 
first time
0 -- 
first time
0 -- 
first time
0 -- 
first time
0 -- 
first time
0 -- 
first time
0 -- 
first time
0 -- 
first time
0 -- 
first time
0 -- 
first time
2 -- dawdawd
track_id 
0 -- 
first time
0 -- 
first time
0 -- 
first time
0 -- 
first time
0 -- 
first time
1 -- Gorillaz - People
track_id 227
0 -- 
first time
0 -- 
first time
0 -- 
first time
0 -- 
first time
0 -- 
first time
2 -- gorillaz
track_id 
0 -- 
first time
0 -- 
first time
0 -- 
first time
0 -- 
first time
1 -- CD1
0 -- 
first time
0 -- 
first time
0 -- 
first time
0 -- 
first time
0 -- 
first time
0 -- 
first time
0 -- 
first time
0 -- 
first time
0 -- 
first time
0 -- 
first time
0 -- 
first time
0 -- 
first time
0 -- 
first time
0 -- 
first time
0 -- 
first time
0 -- 
first time
0 -- 
first time
0 -- 
first time
0 -- 
first time
0 -- 
first time
0 -- 
first time
0 -- 
first time
0 -- 
first time
0 -- 
first time
0 -- 
first time
0 -- 
first time
0 -- 
first time
0 -- 
first time
0 -- 
first time
0 -- 
first time
0 -- 
first time
0 -- 
first time
0 -- 
first time
0 -- 
first time
0 -- 
first time
0 -- 
first time
0 -- 
first time
0 -- 
first time
0 -- 
first time
0 -- 
first time
0 -- 
first time
0 -- 
first time
0 -- 
first time
0 -- 
first time
0 -- 
first time
0 -- 
first time
0 -- 
first time
0 -- 
first time
0 -- 
first time
0 -- 
first time
0 -- 
first time
0 -- 
first time
0 -- 
first time
0 -- 
first time
0 -- 
first time
0 -- 
first time
0 -- 
first time
0 -- 
first time
0 -- 
first time
0 -- 
first time
0 -- 
first time
0 -- 
first time
0 -- 
first time
0 -- 
first time
0 -- 
first time
0 -- 
first time
0 -- 
first time
0 -- 
first time
0 -- 
first time
0 -- 
first time
0 -- 
first time
0 -- 
first time
0 -- 
first time
0 -- 
first time
0 -- 
first time
0 -- 
first time
0 -- 
first time
0 -- 
first time
0 -- 
first time
0 -- 
first time
0 -- 
first time
0 -- 
first time
0 -- 
first time
0 -- 
first time
0 -- 
first time
0 -- 
first time
0 -- 
first time
0 -- 
first time
0 -- 
first time
0 -- 
first time
0 -- 
first time
0 -- 
first time
0 -- 
first time
0 -- 
first time
0 -- 
first time
0 -- 
first time
0 -- 
first time
0 -- 
first time
0 -- 
first time
0 -- 
first time
0 -- 
first time
0 -- 
first time
0 -- 
first time
0 -- 
first time
0 -- 
first time
0 -- 
first time
0 -- 
first time
0 -- 
first time
0 -- 
first time
0 -- 
first time
0 -- 
first time
0 -- 
first time
0 -- 
first time
0 -- 
first time
0 -- 
first time
0 -- 
first time
0 -- 
first time
0 -- 
first time
0 -- 
first time
0 -- 
first time
0 -- 
first time
0 -- 
first time
0 -- 
first time
0 -- 
first time
0 -- 
first time
0 -- 
first time
0 -- 
first time
0 -- 
first time
0 -- 
first time
0 -- 
first time
0 -- 
first time
0 -- 
first time
0 -- 
first time
0 -- 
first time
0 -- 
first time
0 -- 
first time
0 -- 
first time
0 -- 
first time
0 -- 
first time
0 -- 
first time
0 -- 
first time
0 -- 
first time
0 -- 
first time
0 -- 
first time
0 -- 
first time
0 -- 
first time
0 -- 
first time
0 -- 
first time
0 -- 
first time
0 -- 
first time
0 -- 
first time
0 -- 
first time
0 -- 
first time
0 -- 
first time
0 -- 
first time
0 -- 
first time
1 -- Gregor F. Narholz - Static Link (c)
track_id 1
0 -- 
first time
0 -- 
first time
0 -- 
first time
0 -- 
first time
0 -- 
first time
0 -- 
first time
0 -- 
first time
0 -- 
first time
1 -- Gregor F. Narholz - Static Link (c)
track_id 1
0 -- 
first time
0 -- 
first time
0 -- 
first time
0 -- 
first time
0 -- 
first time
0 -- 
first time
0 -- 
first time
0 -- 
first time
1 -- Gregor F. Narholz - Static Link (c)
track_id 1
0 -- 
first time
0 -- 
first time
0 -- 
first time
0 -- 
first time
