This is pdfTeX, Version 3.14159265-2.6-1.40.20 (TeX Live 2019/Arch Linux) (preloaded format=pdflatex 2019.11.16)  23 NOV 2019 13:29
entering extended mode
 restricted \write18 enabled.
 %&-line parsing enabled.
**/home/jc/dotfiles/ranger/.config/ranger/rc.conf
(/home/jc/dotfiles/ranger/.config/ranger/rc.conf
LaTeX2e <2019-10-01> patch level 1
! You can't use `macro parameter character #' in vertical mode.
l.1 #
      set preview_images true
? 
! Emergency stop.
l.1 #
      set preview_images true
End of file on the terminal!

 
Here is how much of TeX's memory you used:
 7 strings out of 492167
 243 string characters out of 6131557
 59016 words of memory out of 5000000
 4468 multiletter control sequences out of 15000+600000
 3640 words of font info for 14 fonts, out of 8000000 for 9000
 1141 hyphenation exceptions out of 8191
 5i,0n,1p,75b,8s stack positions out of 5000i,500n,10000p,200000b,80000s
!  ==> Fatal error occurred, no output PDF file produced!
